2025-04-02 16:22:24,079 - ERROR - Report generation error: Dash app failed to start or load content
2025-04-02 16:23:54,967 - ERROR - Report generation error: Dash app failed to start or load content
2025-04-02 16:24:58,719 - ERROR - Report generation error: Dash app failed to start or load content
2025-04-02 16:25:59,903 - ERROR - Report generation error: Dash app failed to start or load content
2025-04-02 16:27:01,217 - ERROR - Report generation error: Dash app failed to start or load content
2025-04-02 19:45:27,430 - WARNING - There was an error managing chromedriver (error sending request for url (https://googlechromelabs.github.io/chrome-for-testing/known-good-versions-with-downloads.json)); using driver found in the cache
2025-05-15 11:25:09,594 - ERROR - Report generation error: Dash app failed to start or load content
2025-05-15 12:21:02,806 - ERROR - Report generation error: Dash app failed to start or load content
2025-05-15 12:23:23,560 - ERROR - Report generation error: Dash app failed to start or load content
2025-05-15 12:24:16,419 - ERROR - Report generation error: Dash app failed to start or load content
2025-05-15 12:35:21,682 - ERROR - Report generation error: Dash app failed to start or load content
2025-05-15 12:53:09,797 - ERROR - Report generation error: Dash app failed to start or load content
2025-06-19 12:44:12,486 - ERROR - Report generation error: Dash app failed to start or load content
2025-06-19 12:46:18,177 - ERROR - Report generation error: Dash app failed to start or load content
2025-06-19 14:59:11,647 - ERROR - Report generation error: Dash app failed to start or load content
2025-06-19 15:00:34,700 - ERROR - Report generation error: Dash app failed to start or load content
2025-06-23 14:35:00,175 - ERROR - Report generation error: Dash app failed to start or load content
2025-06-23 14:37:27,422 - ERROR - Report generation error: Dash app failed to start or load content
2025-06-23 14:42:52,343 - ERROR - Report generation error: Dash app failed to start or load content
2025-06-23 14:43:57,194 - ERROR - Report generation error: Dash app failed to start or load content
2025-06-23 14:54:29,738 - ERROR - Report generation error: Dash app failed to start or load content
2025-06-23 14:55:45,974 - ERROR - Report generation error: Dash app failed to start or load content
2025-06-23 14:56:46,635 - ERROR - Report generation error: Dash app failed to start or load content
2025-06-23 16:01:38,867 - ERROR - Report generation error: Dash app failed to start or load content
2025-06-23 16:09:27,362 - ERROR - Report generation error: Dash app failed to start or load content
2025-06-25 17:03:18,651 - WARNING - There was an error managing chromedriver (error sending request for url (https://googlechromelabs.github.io/chrome-for-testing/known-good-versions-with-downloads.json)); using driver found in the cache
2025-06-25 17:03:18,651 - WARNING - Error sending stats to Plausible: error sending request for url (https://plausible.io/api/event)
2025-06-25 17:05:56,689 - WARNING - There was an error managing chromedriver (error sending request for url (https://googlechromelabs.github.io/chrome-for-testing/known-good-versions-with-downloads.json)); using driver found in the cache
2025-06-25 17:13:32,448 - WARNING - There was an error managing chromedriver (error sending request for url (https://googlechromelabs.github.io/chrome-for-testing/known-good-versions-with-downloads.json)); using driver found in the cache
2025-07-07 17:48:41,408 - ERROR - Report generation error: Dash app failed to start or load content
2025-07-07 17:49:38,319 - ERROR - Report generation error: Dash app failed to start or load content
2025-07-07 17:51:10,447 - ERROR - Report generation error: Dash app failed to start or load content
2025-07-07 17:54:13,751 - ERROR - Report generation error: Dash app failed to start or load content
2025-07-07 17:55:31,146 - ERROR - Report generation error: Dash app failed to start or load content
2025-07-07 17:59:18,034 - ERROR - Report generation error: Dash app failed to start or load content
2025-07-07 18:01:31,590 - ERROR - Report generation error: Dash app failed to start or load content
2025-07-07 18:02:54,228 - ERROR - Report generation error: Dash app failed to start or load content
2025-07-07 18:27:36,117 - ERROR - Report generation error: Dash app failed to start or load content
2025-07-07 18:29:13,422 - ERROR - Report generation error: Dash app failed to start or load content
2025-07-07 19:39:22,927 - WARNING - There was an error managing chromedriver (error sending request for url (https://googlechromelabs.github.io/chrome-for-testing/known-good-versions-with-downloads.json)); using driver found in the cache
2025-07-07 19:39:22,927 - WARNING - Error sending stats to Plausible: error sending request for url (https://plausible.io/api/event)
2025-07-08 12:35:12,217 - ERROR - Report generation error: Dash app failed to start or load content
2025-07-08 12:36:16,582 - ERROR - Report generation error: Dash app failed to start or load content
2025-07-08 13:14:22,107 - WARNING - There was an error managing chromedriver (error sending request for url (https://googlechromelabs.github.io/chrome-for-testing/known-good-versions-with-downloads.json)); using driver found in the cache
2025-07-08 13:14:22,108 - WARNING - Error sending stats to Plausible: error sending request for url (https://plausible.io/api/event)
2025-07-08 15:31:12,229 - WARNING - There was an error managing chromedriver (error sending request for url (https://googlechromelabs.github.io/chrome-for-testing/known-good-versions-with-downloads.json)); using driver found in the cache
2025-07-08 15:32:11,284 - WARNING - There was an error managing chromedriver (error sending request for url (https://googlechromelabs.github.io/chrome-for-testing/known-good-versions-with-downloads.json)); using driver found in the cache
2025-07-08 19:13:43,977 - ERROR - Report generation error: Dash app failed to start or load content
2025-07-09 11:20:30,041 - WARNING - There was an error managing chromedriver (error sending request for url (https://googlechromelabs.github.io/chrome-for-testing/known-good-versions-with-downloads.json)); using driver found in the cache
2025-07-09 11:20:30,041 - WARNING - Error sending stats to Plausible: error sending request for url (https://plausible.io/api/event)
2025-07-09 11:59:59,877 - WARNING - There was an error managing chromedriver (error sending request for url (https://googlechromelabs.github.io/chrome-for-testing/known-good-versions-with-downloads.json)); using driver found in the cache
2025-07-09 12:14:14,203 - ERROR - Report generation error: Dash app failed to start or load content
2025-07-09 12:16:17,553 - ERROR - Report generation error: Dash app failed to start or load content
2025-07-09 12:17:15,017 - ERROR - Report generation error: Dash app failed to start or load content
2025-07-09 12:19:02,848 - ERROR - Report generation error: Dash app failed to start or load content
2025-07-09 12:19:53,398 - ERROR - Report generation error: Dash app failed to start or load content
2025-07-09 13:10:30,604 - ERROR - Report generation error: Dash app failed to start or load content
2025-07-09 15:36:32,558 - WARNING - There was an error managing chromedriver (error sending request for url (https://googlechromelabs.github.io/chrome-for-testing/known-good-versions-with-downloads.json)); using driver found in the cache
2025-07-09 15:36:32,558 - WARNING - Error sending stats to Plausible: error sending request for url (https://plausible.io/api/event)
2025-07-09 15:40:19,092 - WARNING - There was an error managing chromedriver (error sending request for url (https://googlechromelabs.github.io/chrome-for-testing/known-good-versions-with-downloads.json)); using driver found in the cache
2025-07-09 15:42:15,783 - WARNING - There was an error managing chromedriver (error sending request for url (https://googlechromelabs.github.io/chrome-for-testing/known-good-versions-with-downloads.json)); using driver found in the cache
2025-07-09 15:46:25,786 - WARNING - There was an error managing chromedriver (error sending request for url (https://googlechromelabs.github.io/chrome-for-testing/known-good-versions-with-downloads.json)); using driver found in the cache
2025-07-09 15:49:59,484 - WARNING - There was an error managing chromedriver (error sending request for url (https://googlechromelabs.github.io/chrome-for-testing/known-good-versions-with-downloads.json)); using driver found in the cache
2025-07-09 15:52:11,477 - WARNING - There was an error managing chromedriver (error sending request for url (https://googlechromelabs.github.io/chrome-for-testing/known-good-versions-with-downloads.json)); using driver found in the cache
2025-07-09 15:54:17,920 - WARNING - There was an error managing chromedriver (error sending request for url (https://googlechromelabs.github.io/chrome-for-testing/known-good-versions-with-downloads.json)); using driver found in the cache
2025-07-09 15:56:10,297 - WARNING - There was an error managing chromedriver (error sending request for url (https://googlechromelabs.github.io/chrome-for-testing/known-good-versions-with-downloads.json)); using driver found in the cache
2025-07-09 15:58:05,452 - WARNING - There was an error managing chromedriver (error sending request for url (https://googlechromelabs.github.io/chrome-for-testing/known-good-versions-with-downloads.json)); using driver found in the cache
2025-07-09 15:59:44,094 - WARNING - There was an error managing chromedriver (error sending request for url (https://googlechromelabs.github.io/chrome-for-testing/known-good-versions-with-downloads.json)); using driver found in the cache
2025-07-09 16:00:23,619 - WARNING - There was an error managing chromedriver (error sending request for url (https://googlechromelabs.github.io/chrome-for-testing/known-good-versions-with-downloads.json)); using driver found in the cache
2025-07-09 16:01:51,415 - WARNING - There was an error managing chromedriver (error sending request for url (https://googlechromelabs.github.io/chrome-for-testing/known-good-versions-with-downloads.json)); using driver found in the cache
2025-07-09 16:24:18,160 - WARNING - There was an error managing chromedriver (error sending request for url (https://googlechromelabs.github.io/chrome-for-testing/known-good-versions-with-downloads.json)); using driver found in the cache
2025-07-09 17:33:41,022 - ERROR - Report generation error: Dash app failed to start or load content
2025-07-10 19:30:28,011 - ERROR - Report generation error: Dash app failed to start or load content
2025-07-10 19:35:42,321 - ERROR - Report generation error: Dash app failed to start or load content
2025-07-10 19:38:11,367 - ERROR - Report generation error: Dash app failed to start or load content
2025-07-10 19:39:44,434 - ERROR - Report generation error: Dash app failed to start or load content
2025-07-10 19:41:09,009 - ERROR - Report generation error: Dash app failed to start or load content
2025-07-10 19:41:47,517 - ERROR - Report generation error: Dash app failed to start or load content
2025-07-10 19:44:05,555 - ERROR - Report generation error: Dash app failed to start or load content
2025-07-10 19:44:42,042 - ERROR - Report generation error: Dash app failed to start or load content
2025-07-10 19:52:10,299 - ERROR - Report generation error: Dash app failed to start or load content
2025-07-10 19:53:22,218 - ERROR - Report generation error: Dash app failed to start or load content
2025-07-10 19:58:55,551 - ERROR - Report generation error: Dash app failed to start or load content
2025-07-10 20:00:15,886 - ERROR - Report generation error: Dash app failed to start or load content
2025-07-10 20:02:21,407 - ERROR - Report generation error: Dash app failed to start or load content
2025-07-10 20:03:51,737 - ERROR - Report generation error: Dash app failed to start or load content
2025-07-10 20:05:17,985 - ERROR - Report generation error: Dash app failed to start or load content
2025-07-10 20:11:01,724 - ERROR - Report generation error: Dash app failed to start or load content
2025-07-10 20:15:54,688 - ERROR - Report generation error: Dash app failed to start or load content
2025-07-10 20:18:26,001 - ERROR - Report generation error: Dash app failed to start or load content
2025-07-10 20:21:14,217 - ERROR - Report generation error: Dash app failed to start or load content
2025-07-10 20:22:14,772 - ERROR - Report generation error: Dash app failed to start or load content
2025-07-10 20:25:06,195 - ERROR - Report generation error: Dash app failed to start or load content
2025-07-10 20:26:15,879 - ERROR - Report generation error: Dash app failed to start or load content
2025-07-10 20:31:30,107 - ERROR - Report generation error: Dash app failed to start or load content
2025-07-10 20:38:24,129 - ERROR - Report generation error: Dash app failed to start or load content
2025-07-10 20:39:11,111 - ERROR - Report generation error: Dash app failed to start or load content
2025-07-10 20:42:18,939 - ERROR - Report generation error: Dash app failed to start or load content
2025-07-10 22:00:50,690 - ERROR - Report generation error: Dash app failed to start or load content
2025-07-10 22:03:15,502 - ERROR - Report generation error: Dash app failed to start or load content
2025-07-10 22:04:22,755 - ERROR - Report generation error: Dash app failed to start or load content
2025-07-10 22:05:24,435 - ERROR - Report generation error: Dash app failed to start or load content
2025-07-10 22:13:38,778 - ERROR - Report generation error: Dash app failed to start or load content
2025-07-10 22:16:07,512 - ERROR - Report generation error: Dash app failed to start or load content
2025-07-10 22:16:47,836 - ERROR - Report generation error: Dash app failed to start or load content
2025-07-10 22:17:58,663 - ERROR - Report generation error: Dash app failed to start or load content
2025-07-10 22:36:52,655 - ERROR - Report generation error: Dash app failed to start or load content
2025-07-10 22:48:33,617 - ERROR - Report generation error: Dash app failed to start or load content
2025-07-10 22:50:57,057 - ERROR - Report generation error: Dash app failed to start or load content
2025-07-10 22:51:37,333 - ERROR - Report generation error: Dash app failed to start or load content
2025-07-13 19:18:14,345 - ERROR - Report generation error: Dash app failed to start or load content
2025-07-13 19:19:33,624 - ERROR - Report generation error: Dash app failed to start or load content
2025-07-13 21:09:11,259 - ERROR - Report generation error: Dash app failed to start or load content
2025-07-13 21:53:37,029 - ERROR - Report generation error: Dash app failed to start or load content
2025-07-13 21:54:26,581 - ERROR - Report generation error: Dash app failed to start or load content
2025-07-13 21:56:48,564 - ERROR - Report generation error: Dash app failed to start or load content
2025-07-14 17:37:36,981 - ERROR - Report generation error: Dash app failed to start or load content
2025-07-14 17:39:10,586 - ERROR - Report generation error: Dash app failed to start or load content
2025-07-14 17:44:02,533 - ERROR - Report generation error: Dash app failed to start or load content
2025-07-14 17:49:49,701 - ERROR - Report generation error: Dash app failed to start or load content
2025-07-14 18:44:44,011 - WARNING - There was an error managing chromedriver (error sending request for url (https://googlechromelabs.github.io/chrome-for-testing/known-good-versions-with-downloads.json)); using driver found in the cache
2025-07-14 18:44:44,011 - WARNING - Error sending stats to Plausible: error sending request for url (https://plausible.io/api/event)
2025-07-14 18:46:36,879 - WARNING - There was an error managing chromedriver (error sending request for url (https://googlechromelabs.github.io/chrome-for-testing/known-good-versions-with-downloads.json)); using driver found in the cache
2025-07-14 20:36:38,336 - ERROR - Report generation error: Dash app failed to start or load content
2025-07-15 11:22:42,747 - ERROR - Report generation error: Dash app failed to start or load content
2025-07-15 11:24:29,692 - ERROR - Report generation error: Dash app failed to start or load content
2025-07-15 11:35:43,976 - ERROR - Report generation error: Dash app failed to start or load content
2025-07-15 11:39:28,624 - ERROR - Report generation error: Dash app failed to start or load content
2025-07-15 12:15:03,769 - ERROR - Report generation error: Dash app failed to start or load content
2025-07-15 12:21:14,518 - ERROR - Report generation error: Dash app failed to start or load content
2025-07-15 12:32:04,190 - ERROR - Report generation error: Dash app failed to start or load content
2025-07-15 12:36:01,141 - ERROR - Report generation error: Dash app failed to start or load content
2025-07-15 12:47:11,448 - ERROR - Report generation error: Dash app failed to start or load content
2025-07-15 13:27:35,362 - WARNING - There was an error managing chromedriver (error sending request for url (https://googlechromelabs.github.io/chrome-for-testing/known-good-versions-with-downloads.json)); using driver found in the cache
2025-07-15 13:27:36,884 - ERROR - Report generation error: ('Connection aborted.', ConnectionResetError(10054, 'Удаленный хост принудительно разорвал существующее подключение', None, 10054, None))
2025-07-15 13:27:39,287 - WARNING - Error sending stats to Plausible: error sending request for url (https://plausible.io/api/event)
2025-07-15 13:27:40,970 - WARNING - Retrying (Retry(total=2, connect=None, read=None, redirect=None, status=None)) after connection broken by 'NewConnectionError('<urllib3.connection.HTTPConnection object at 0x000002463E45D610>: Failed to establish a new connection: [WinError 10061] Подключение не установлено, т.к. конечный компьютер отверг запрос на подключение')': /session/ac65957ffe29beddbab237801da7ffcf
2025-07-15 13:27:45,085 - WARNING - Retrying (Retry(total=1, connect=None, read=None, redirect=None, status=None)) after connection broken by 'NewConnectionError('<urllib3.connection.HTTPConnection object at 0x000002463E394590>: Failed to establish a new connection: [WinError 10061] Подключение не установлено, т.к. конечный компьютер отверг запрос на подключение')': /session/ac65957ffe29beddbab237801da7ffcf
2025-07-15 13:27:49,203 - WARNING - Retrying (Retry(total=0, connect=None, read=None, redirect=None, status=None)) after connection broken by 'NewConnectionError('<urllib3.connection.HTTPConnection object at 0x000002463E3CF750>: Failed to establish a new connection: [WinError 10061] Подключение не установлено, т.к. конечный компьютер отверг запрос на подключение')': /session/ac65957ffe29beddbab237801da7ffcf
2025-07-15 16:32:24,387 - ERROR - Report generation error: Dash app failed to start or load content
2025-07-15 16:39:14,414 - ERROR - Report generation error: Dash app failed to start or load content
2025-07-15 16:40:45,390 - ERROR - Report generation error: Dash app failed to start or load content
2025-07-15 16:44:18,691 - ERROR - Report generation error: Dash app failed to start or load content
2025-07-15 16:47:22,370 - ERROR - Report generation error: Dash app failed to start or load content
2025-07-15 16:49:00,557 - ERROR - Report generation error: Dash app failed to start or load content
2025-07-15 16:50:13,410 - ERROR - Report generation error: Dash app failed to start or load content
2025-07-15 16:51:43,157 - ERROR - Report generation error: Dash app failed to start or load content
2025-07-15 16:54:03,501 - ERROR - Report generation error: Dash app failed to start or load content
2025-07-15 16:55:08,221 - ERROR - Report generation error: Dash app failed to start or load content
2025-07-15 16:56:16,818 - ERROR - Report generation error: Dash app failed to start or load content
2025-07-15 17:02:27,335 - ERROR - Report generation error: Dash app failed to start or load content
2025-07-15 17:06:40,906 - ERROR - Report generation error: Dash app failed to start or load content
2025-07-15 17:08:47,735 - ERROR - Report generation error: Dash app failed to start or load content
2025-07-15 17:10:40,344 - ERROR - Report generation error: Dash app failed to start or load content
2025-07-15 17:14:19,438 - ERROR - Report generation error: Dash app failed to start or load content
2025-07-15 17:22:00,053 - ERROR - Report generation error: Dash app failed to start or load content
2025-07-15 17:22:38,213 - ERROR - Report generation error: Dash app failed to start or load content
2025-07-15 17:24:21,970 - ERROR - Report generation error: Dash app failed to start or load content
2025-07-15 17:25:33,129 - ERROR - Report generation error: Dash app failed to start or load content
2025-07-15 17:30:10,638 - ERROR - Report generation error: Dash app failed to start or load content
2025-07-15 17:31:43,029 - ERROR - Report generation error: Dash app failed to start or load content
2025-07-15 17:41:58,235 - ERROR - Report generation error: Dash app failed to start or load content
2025-07-15 17:45:41,186 - ERROR - Report generation error: Dash app failed to start or load content
2025-07-15 17:46:53,337 - ERROR - Report generation error: Dash app failed to start or load content
2025-07-15 17:48:33,682 - ERROR - Report generation error: Dash app failed to start or load content
2025-07-15 17:49:14,143 - ERROR - Report generation error: Dash app failed to start or load content
2025-07-15 17:49:50,450 - ERROR - Report generation error: Dash app failed to start or load content
2025-07-15 17:52:26,935 - ERROR - Report generation error: Dash app failed to start or load content
2025-07-15 17:54:07,321 - ERROR - Report generation error: Dash app failed to start or load content
2025-07-15 17:57:38,879 - ERROR - Report generation error: Dash app failed to start or load content
2025-07-15 17:59:33,176 - ERROR - Report generation error: Dash app failed to start or load content
2025-07-15 18:00:56,512 - ERROR - Report generation error: Dash app failed to start or load content
2025-07-15 18:31:54,572 - ERROR - Report generation error: Dash app failed to start or load content
2025-07-15 18:45:13,625 - ERROR - Report generation error: Dash app failed to start or load content
2025-07-15 19:09:45,766 - ERROR - Report generation error: Dash app failed to start or load content
2025-07-15 19:12:57,562 - ERROR - Report generation error: Dash app failed to start or load content
2025-07-15 19:16:28,481 - ERROR - Report generation error: Dash app failed to start or load content
2025-07-15 19:18:34,052 - ERROR - Report generation error: Dash app failed to start or load content
2025-07-15 19:19:57,581 - ERROR - Report generation error: Dash app failed to start or load content
2025-07-15 19:20:45,833 - ERROR - Report generation error: Dash app failed to start or load content
2025-07-15 19:28:05,100 - ERROR - Report generation error: Dash app failed to start or load content
2025-07-15 19:29:29,379 - ERROR - Report generation error: Dash app failed to start or load content
2025-07-15 19:36:28,459 - ERROR - Report generation error: Dash app failed to start or load content
2025-07-15 19:37:13,044 - ERROR - Report generation error: Dash app failed to start or load content
2025-07-15 19:42:58,659 - ERROR - Report generation error: Dash app failed to start or load content
2025-07-15 20:01:29,065 - ERROR - Report generation error: Dash app failed to start or load content
2025-07-15 20:03:24,584 - ERROR - Report generation error: Dash app failed to start or load content
2025-07-15 20:06:26,770 - ERROR - Report generation error: Dash app failed to start or load content
2025-07-15 20:08:18,711 - ERROR - Report generation error: Dash app failed to start or load content
2025-07-15 20:10:32,625 - ERROR - Report generation error: Dash app failed to start or load content
2025-07-15 20:12:49,764 - ERROR - Report generation error: Dash app failed to start or load content
2025-07-15 20:26:27,694 - ERROR - Report generation error: Dash app failed to start or load content
2025-07-15 20:36:38,818 - ERROR - Report generation error: Dash app failed to start or load content
2025-07-16 09:18:32,329 - ERROR - Report generation error: Dash app failed to start or load content
2025-07-16 09:19:26,786 - ERROR - Report generation error: Dash app failed to start or load content
2025-07-16 09:20:13,368 - ERROR - Report generation error: Dash app failed to start or load content
2025-07-16 09:20:56,966 - ERROR - Report generation error: Dash app failed to start or load content
2025-07-16 09:21:41,719 - ERROR - Report generation error: Dash app failed to start or load content
2025-07-16 09:22:27,488 - ERROR - Report generation error: Dash app failed to start or load content
2025-07-16 09:23:21,154 - ERROR - Report generation error: Dash app failed to start or load content
2025-07-16 09:25:36,167 - ERROR - Report generation error: Dash app failed to start or load content
2025-07-16 09:28:01,815 - ERROR - Report generation error: Dash app failed to start or load content
2025-07-16 09:39:28,477 - ERROR - Report generation error: Dash app failed to start or load content
2025-07-16 09:44:41,173 - ERROR - Report generation error: Dash app failed to start or load content
2025-07-16 10:17:32,579 - ERROR - Report generation error: Dash app failed to start or load content
2025-07-16 10:19:30,269 - ERROR - Report generation error: Dash app failed to start or load content
2025-07-16 10:51:26,053 - ERROR - Report generation error: Dash app failed to start or load content
2025-07-16 10:52:44,710 - ERROR - Report generation error: Dash app failed to start or load content
2025-07-16 10:53:33,060 - ERROR - Report generation error: Dash app failed to start or load content
2025-07-16 10:56:02,897 - ERROR - Report generation error: Dash app failed to start or load content
2025-07-16 10:57:14,298 - ERROR - Report generation error: Dash app failed to start or load content
2025-07-16 13:54:39,323 - ERROR - Report generation error: Dash app failed to start or load content
2025-07-16 13:58:41,943 - WARNING - There was an error managing chromedriver (error sending request for url (https://googlechromelabs.github.io/chrome-for-testing/known-good-versions-with-downloads.json)); using driver found in the cache
2025-07-16 13:58:41,943 - WARNING - Error sending stats to Plausible: error sending request for url (https://plausible.io/api/event)
2025-07-16 15:44:11,829 - WARNING - There was an error managing chromedriver (error sending request for url (https://googlechromelabs.github.io/chrome-for-testing/known-good-versions-with-downloads.json)); using driver found in the cache
2025-07-16 15:46:00,871 - WARNING - There was an error managing chromedriver (error sending request for url (https://googlechromelabs.github.io/chrome-for-testing/known-good-versions-with-downloads.json)); using driver found in the cache
2025-07-16 15:48:04,505 - WARNING - There was an error managing chromedriver (error sending request for url (https://googlechromelabs.github.io/chrome-for-testing/known-good-versions-with-downloads.json)); using driver found in the cache
2025-07-16 15:50:58,069 - WARNING - There was an error managing chromedriver (error sending request for url (https://googlechromelabs.github.io/chrome-for-testing/known-good-versions-with-downloads.json)); using driver found in the cache
2025-07-16 15:52:49,638 - WARNING - There was an error managing chromedriver (error sending request for url (https://googlechromelabs.github.io/chrome-for-testing/known-good-versions-with-downloads.json)); using driver found in the cache
2025-07-16 17:08:11,029 - ERROR - Report generation error: Dash app failed to start or load content
2025-07-16 17:09:22,697 - ERROR - Report generation error: Dash app failed to start or load content
2025-07-16 17:10:03,508 - WARNING - Error sending stats to Plausible: error sending request for url (https://plausible.io/api/event)
2025-07-17 11:19:17,254 - ERROR - Report generation error: Dash app failed to start or load content
2025-07-17 11:28:30,124 - ERROR - Report generation error: Dash app failed to start or load content
2025-07-17 11:42:56,527 - ERROR - Report generation error: Dash app failed to start or load content
2025-07-17 11:56:12,484 - ERROR - Report generation error: Dash app failed to start or load content
2025-07-17 12:00:52,226 - ERROR - Report generation error: Dash app failed to start or load content
2025-07-17 12:02:07,641 - ERROR - Report generation error: Dash app failed to start or load content
2025-07-17 12:03:27,067 - ERROR - Report generation error: Dash app failed to start or load content
2025-07-17 12:04:42,861 - ERROR - Report generation error: Dash app failed to start or load content
2025-07-17 12:06:49,443 - ERROR - Report generation error: Dash app failed to start or load content
2025-07-17 12:08:12,440 - ERROR - Report generation error: Dash app failed to start or load content
2025-07-17 12:15:56,339 - ERROR - Report generation error: Dash app failed to start or load content
2025-07-17 12:17:23,929 - ERROR - Report generation error: Dash app failed to start or load content
2025-07-17 13:49:00,300 - ERROR - Report generation error: Dash app failed to start or load content
2025-07-17 14:25:19,064 - ERROR - Report generation error: Dash app failed to start or load content
2025-07-17 14:26:10,742 - ERROR - Report generation error: Dash app failed to start or load content
2025-07-17 14:27:23,413 - ERROR - Report generation error: Dash app failed to start or load content
2025-07-17 14:30:04,687 - ERROR - Report generation error: Dash app failed to start or load content
2025-07-17 14:33:43,916 - ERROR - Report generation error: Dash app failed to start or load content
2025-07-17 14:35:15,131 - ERROR - Report generation error: Dash app failed to start or load content
2025-07-17 14:44:55,609 - ERROR - Report generation error: Dash app failed to start or load content
2025-07-17 17:45:57,914 - ERROR - Report generation error: Dash app failed to start or load content
2025-07-17 17:47:50,260 - ERROR - Report generation error: Dash app failed to start or load content
2025-07-17 17:49:13,714 - ERROR - Report generation error: Dash app failed to start or load content
2025-07-17 17:51:22,956 - ERROR - Report generation error: Dash app failed to start or load content
2025-07-17 17:53:39,518 - ERROR - Report generation error: Dash app failed to start or load content
2025-07-17 18:08:09,274 - ERROR - Report generation error: Dash app failed to start or load content
2025-07-17 18:11:08,417 - ERROR - Report generation error: Dash app failed to start or load content
2025-07-17 18:13:56,381 - ERROR - Report generation error: Dash app failed to start or load content
2025-07-17 18:19:40,413 - ERROR - Report generation error: Dash app failed to start or load content
2025-07-17 18:22:23,813 - ERROR - Report generation error: Dash app failed to start or load content
2025-07-17 18:23:33,237 - ERROR - Report generation error: Dash app failed to start or load content
2025-07-17 18:25:00,318 - ERROR - Report generation error: Dash app failed to start or load content
2025-07-17 18:25:37,599 - ERROR - Report generation error: Dash app failed to start or load content
2025-07-17 18:28:08,163 - ERROR - Report generation error: Dash app failed to start or load content
2025-07-18 12:41:54,909 - ERROR - Report generation error: Dash app failed to start or load content
2025-07-18 12:46:02,862 - ERROR - Report generation error: Dash app failed to start or load content
2025-07-18 13:02:27,364 - ERROR - Report generation error: Dash app failed to start or load content
2025-07-18 13:20:57,333 - ERROR - Report generation error: Dash app failed to start or load content
2025-07-18 13:27:02,070 - ERROR - Report generation error: Dash app failed to start or load content
2025-07-18 13:28:56,512 - ERROR - Report generation error: Dash app failed to start or load content
2025-07-18 13:35:46,452 - ERROR - Report generation error: Dash app failed to start or load content
2025-07-18 13:40:10,231 - ERROR - Report generation error: Dash app failed to start or load content
2025-07-18 13:43:06,476 - ERROR - Report generation error: Dash app failed to start or load content
2025-07-18 15:18:23,581 - ERROR - Report generation error: Dash app failed to start or load content
2025-07-18 15:29:25,745 - ERROR - Report generation error: Dash app failed to start or load content
2025-07-18 15:34:26,108 - ERROR - Report generation error: Dash app failed to start or load content
2025-07-18 15:42:47,384 - ERROR - Report generation error: Dash app failed to start or load content
2025-07-18 15:50:29,121 - ERROR - Report generation error: Dash app failed to start or load content
2025-07-18 15:53:08,354 - ERROR - Report generation error: Dash app failed to start or load content
2025-07-18 15:58:18,313 - ERROR - Report generation error: Dash app failed to start or load content
2025-07-18 16:06:38,663 - ERROR - Report generation error: Dash app failed to start or load content
2025-07-18 16:19:49,534 - ERROR - Report generation error: Dash app failed to start or load content
2025-07-18 16:25:28,733 - ERROR - Report generation error: Dash app failed to start or load content
2025-07-18 16:27:53,191 - ERROR - Report generation error: Dash app failed to start or load content
2025-07-18 16:36:13,635 - ERROR - Report generation error: Dash app failed to start or load content
2025-07-18 16:41:28,208 - ERROR - Report generation error: Dash app failed to start or load content
2025-07-18 16:54:43,901 - ERROR - Report generation error: Dash app failed to start or load content
2025-07-18 16:57:20,251 - ERROR - Report generation error: Dash app failed to start or load content
2025-07-18 17:00:14,861 - ERROR - Report generation error: Dash app failed to start or load content
2025-07-18 17:02:01,435 - ERROR - Report generation error: Dash app failed to start or load content
2025-07-18 17:03:06,607 - ERROR - Report generation error: Dash app failed to start or load content
2025-07-18 17:08:00,137 - ERROR - Report generation error: Dash app failed to start or load content
2025-07-18 17:25:09,960 - ERROR - Report generation error: Dash app failed to start or load content
2025-07-18 17:29:36,432 - ERROR - Report generation error: Dash app failed to start or load content
2025-07-18 17:31:05,416 - ERROR - Report generation error: Dash app failed to start or load content
2025-07-18 17:32:52,387 - ERROR - Report generation error: Dash app failed to start or load content
2025-07-18 17:35:19,338 - ERROR - Report generation error: Dash app failed to start or load content
2025-07-18 17:44:36,549 - ERROR - Report generation error: Dash app failed to start or load content
2025-07-18 17:54:06,843 - ERROR - Report generation error: Dash app failed to start or load content
2025-07-18 18:43:23,403 - ERROR - Report generation error: Dash app failed to start or load content
2025-07-19 03:06:17,847 - ERROR - Report generation error: Dash app failed to start or load content
2025-07-19 03:08:20,178 - WARNING - There was an error managing chromedriver (error sending request for url (https://googlechromelabs.github.io/chrome-for-testing/known-good-versions-with-downloads.json)); using driver found in the cache
2025-07-19 03:08:20,178 - WARNING - Error sending stats to Plausible: error sending request for url (https://plausible.io/api/event)
2025-07-19 03:48:46,475 - ERROR - Report generation error: Dash app failed to start or load content
2025-07-19 03:53:39,289 - ERROR - Report generation error: Dash app failed to start or load content
2025-07-19 04:34:41,590 - ERROR - Report generation error: Dash app failed to start or load content
2025-07-19 04:49:53,184 - ERROR - Report generation error: Dash app failed to start or load content
2025-07-19 04:56:38,786 - ERROR - Report generation error: Dash app failed to start or load content
2025-07-19 05:00:29,333 - ERROR - Report generation error: Dash app failed to start or load content
2025-07-19 05:01:38,750 - ERROR - Report generation error: Dash app failed to start or load content
2025-07-19 05:03:39,006 - ERROR - Report generation error: Dash app failed to start or load content
2025-07-19 05:06:40,313 - ERROR - Report generation error: Dash app failed to start or load content
2025-07-19 05:14:27,882 - WARNING - There was an error managing chromedriver (error sending request for url (https://googlechromelabs.github.io/chrome-for-testing/known-good-versions-with-downloads.json)); using driver found in the cache
2025-07-19 05:14:27,882 - WARNING - Error sending stats to Plausible: error sending request for url (https://plausible.io/api/event)
2025-07-19 05:16:56,314 - ERROR - Report generation error: Dash app failed to start or load content
2025-07-19 05:21:32,198 - ERROR - Report generation error: Dash app failed to start or load content
2025-07-19 05:23:34,282 - ERROR - Report generation error: Dash app failed to start or load content
2025-07-19 05:27:32,084 - ERROR - Report generation error: Dash app failed to start or load content
2025-07-19 05:29:19,301 - ERROR - Report generation error: Dash app failed to start or load content
2025-07-19 06:05:21,958 - ERROR - Report generation error: Dash app failed to start or load content
2025-07-19 06:21:12,942 - ERROR - Report generation error: Dash app failed to start or load content
2025-07-19 08:05:34,962 - WARNING - There was an error managing chromedriver (error sending request for url (https://googlechromelabs.github.io/chrome-for-testing/known-good-versions-with-downloads.json)); using driver found in the cache
2025-07-19 08:05:34,962 - WARNING - Error sending stats to Plausible: error sending request for url (https://plausible.io/api/event)
2025-07-19 08:52:54,846 - ERROR - Report generation error: Dash app failed to start or load content
2025-07-19 08:53:45,678 - WARNING - There was an error managing chromedriver (error sending request for url (https://googlechromelabs.github.io/chrome-for-testing/known-good-versions-with-downloads.json)); using driver found in the cache
2025-07-19 09:02:22,113 - ERROR - Report generation error: Dash app failed to start or load content
2025-07-19 09:05:37,757 - WARNING - Error sending stats to Plausible: error sending request for url (https://plausible.io/api/event)
2025-07-19 09:41:20,915 - ERROR - Report generation error: Dash app failed to start or load content
2025-07-19 10:25:09,822 - ERROR - Report generation error: Dash app failed to start or load content
2025-07-19 10:26:46,785 - ERROR - Report generation error: Dash app failed to start or load content
2025-07-19 10:27:51,435 - WARNING - Error sending stats to Plausible: error sending request for url (https://plausible.io/api/event)
2025-07-19 11:15:13,964 - ERROR - Report generation error: Dash app failed to start or load content
2025-07-19 11:34:22,898 - WARNING - Error sending stats to Plausible: error sending request for url (https://plausible.io/api/event)
2025-07-19 13:06:59,802 - ERROR - Report generation error: Dash app failed to start or load content
2025-07-19 13:09:51,279 - ERROR - Report generation error: Dash app failed to start or load content
2025-07-19 13:15:42,716 - ERROR - Report generation error: Dash app failed to start or load content
2025-07-19 14:58:25,528 - ERROR - Report generation error: Dash app failed to start or load content
2025-07-19 15:02:17,216 - ERROR - Report generation error: Dash app failed to start or load content
2025-07-19 15:05:40,609 - ERROR - Report generation error: Dash app failed to start or load content
2025-07-19 15:09:18,457 - ERROR - Report generation error: Dash app failed to start or load content
2025-07-19 15:10:16,797 - ERROR - Report generation error: Dash app failed to start or load content
2025-07-19 15:12:57,722 - ERROR - Report generation error: Dash app failed to start or load content
2025-07-19 15:14:01,464 - ERROR - Report generation error: Dash app failed to start or load content
2025-07-19 15:16:01,447 - ERROR - Report generation error: Dash app failed to start or load content
2025-07-19 15:17:22,724 - ERROR - Report generation error: Dash app failed to start or load content
2025-07-19 15:18:23,036 - ERROR - Report generation error: Dash app failed to start or load content
2025-07-19 15:19:15,047 - ERROR - Report generation error: Dash app failed to start or load content
2025-07-19 15:20:07,701 - ERROR - Report generation error: Dash app failed to start or load content
